0 verbose cli /usr/local/bin/node /usr/local/lib/node_modules/npm/bin/npm-cli.js
1 info using npm@11.6.2
2 info using node@v24.11.1
3 silly config load:file:/usr/local/lib/node_modules/npm/npmrc
4 silly config load:file:/Users/certideal/Downloads/Altio/altio/frontend/.npmrc
5 silly config load:file:/Users/certideal/.npmrc
6 silly config load:file:/usr/local/etc/npmrc
7 verbose title npm exec eas-cli build:list --limit=1
8 verbose argv "exec" "--" "eas-cli" "build:list" "--limit=1"
9 verbose logfile logs-max:10 dir:/Users/certideal/Downloads/Altio/altio/frontend/npm-cache/_logs/2026-03-02T19_12_37_642Z-
10 verbose logfile /Users/certideal/Downloads/Altio/altio/frontend/npm-cache/_logs/2026-03-02T19_12_37_642Z-debug-0.log
11 silly logfile start cleaning logs, removing 1 files
12 silly logfile done cleaning log files
13 silly packumentCache heap:4496293888 maxSize:1124073472 maxEntrySize:562036736
14 http fetch GET 200 https://registry.npmjs.org/eas-cli 199ms (cache revalidated)
15 silly packumentCache heap:4496293888 maxSize:1124073472 maxEntrySize:562036736
16 silly packumentCache heap:4496293888 maxSize:1124073472 maxEntrySize:562036736
17 verbose cwd /Users/certideal/Downloads/Altio/altio/frontend
18 verbose os Darwin 23.5.0
19 verbose node v24.11.1
20 verbose npm  v11.6.2
21 verbose exit 0
22 info ok
