0 verbose cli /usr/local/bin/node /usr/local/lib/node_modules/npm/bin/npm-cli.js
1 info using npm@11.6.2
2 info using node@v24.11.1
3 silly config load:file:/usr/local/lib/node_modules/npm/npmrc
4 silly config load:file:/Users/certideal/.npmrc
5 silly config load:file:/usr/local/etc/npmrc
6 verbose title npm exec supabase functions deploy send-push
7 verbose argv "exec" "--" "supabase" "functions" "deploy" "send-push"
8 verbose logfile logs-max:10 dir:/Users/certideal/Downloads/Altio/altio/npm-cache/_logs/2026-03-02T16_36_00_379Z-
9 verbose logfile /Users/certideal/Downloads/Altio/altio/npm-cache/_logs/2026-03-02T16_36_00_379Z-debug-0.log
10 silly logfile done cleaning log files
11 http fetch GET 200 https://registry.npmjs.org/npm 402ms
12 verbose cwd /Users/certideal/Downloads/Altio/altio
13 verbose os Darwin 23.5.0
14 verbose node v24.11.1
15 verbose npm  v11.6.2
16 notice
16 notice New [33mminor[39m version of npm available! [33m11.6.2[39m -> [34m11.11.0[39m
16 notice Changelog: [34mhttps://github.com/npm/cli/releases/tag/v11.11.0[39m
16 notice To update run: [4mnpm install -g npm@11.11.0[24m
16 notice  { force: true, Symbol(proc-log.meta): true }
17 verbose exit 0
18 info ok
